<?xml version="1.0" encoding="UTF-8"?>
<!-- Generated by org.testng.reporters.JUnitXMLReporter -->
<testsuite ignored="0" hostname="LENOVO-PRATIK13" failures="0" tests="3" name="Test" time="47.102" errors="0" timestamp="2024-09-21T18:59:28 IST">
  <testcase classname="DockerDeploy.DockerDeploy.ChromeTest2" name="test2" time="8.932"/>
  <testcase classname="DockerDeploy.DockerDeploy.ChromeTest1" name="test1" time="9.534"/>
  <testcase classname="DockerDeploy.DockerDeploy.ChromeTest3" name="test3" time="9.951"/>
</testsuite> <!-- Test -->
