<?xml version="1.0" encoding="UTF-8"?>
<!-- Generated by org.testng.reporters.JUnitXMLReporter -->
<testsuite ignored="0" hostname="LENOVO-PRATIK13" failures="0" tests="3" name="Test" time="50.226" errors="0" timestamp="2024-09-22T11:39:09 IST">
  <testcase classname="DockerDeploy.DockerDeploy.ChromeTest2" name="test2" time="11.475"/>
  <testcase classname="DockerDeploy.DockerDeploy.ChromeTest1" name="test1" time="12.339"/>
  <testcase classname="DockerDeploy.DockerDeploy.ChromeTest3" name="test3" time="13.002"/>
</testsuite> <!-- Test -->
