<?xml version="1.0" encoding="UTF-8"?>
<testng-results ignored="0" total="3" passed="3" failed="0" skipped="0">
  <reporter-output>
  </reporter-output>
  <suite started-at="2024-09-22T11:38:19 IST" name="Suite" finished-at="2024-09-22T11:39:09 IST" duration-ms="50226">
    <groups>
    </groups>
    <test started-at="2024-09-22T11:38:19 IST" name="Test" finished-at="2024-09-22T11:39:09 IST" duration-ms="50226">
      <class name="DockerDeploy.DockerDeploy.ChromeTest2">
        <test-method signature="test2()[pri:0, instance:DockerDeploy.DockerDeploy.ChromeTest2@5af3afd9]" started-at="2024-09-22T11:38:46 IST" name="test2" finished-at="2024-09-22T11:38:57 IST" duration-ms="11475" status="PASS">
          <reporter-output>
          </reporter-output>
        </test-method> <!-- test2 -->
      </class> <!-- DockerDeploy.DockerDeploy.ChromeTest2 -->
      <class name="DockerDeploy.DockerDeploy.ChromeTest3">
        <test-method signature="test3()[pri:0, instance:DockerDeploy.DockerDeploy.ChromeTest3@323b36e0]" started-at="2024-09-22T11:38:46 IST" name="test3" finished-at="2024-09-22T11:38:59 IST" duration-ms="13002" status="PASS">
          <reporter-output>
          </reporter-output>
        </test-method> <!-- test3 -->
      </class> <!-- DockerDeploy.DockerDeploy.ChromeTest3 -->
      <class name="DockerDeploy.DockerDeploy.ChromeTest1">
        <test-method signature="test1()[pri:0, instance:DockerDeploy.DockerDeploy.ChromeTest1@661972b0]" started-at="2024-09-22T11:38:46 IST" name="test1" finished-at="2024-09-22T11:38:58 IST" duration-ms="12339" status="PASS">
          <reporter-output>
          </reporter-output>
        </test-method> <!-- test1 -->
      </class> <!-- DockerDeploy.DockerDeploy.ChromeTest1 -->
      <class name="DockerDeploy.DockerDeploy.startDocker">
        <test-method is-config="true" signature="startSystem()[pri:0, instance:DockerDeploy.DockerDeploy.startDocker@441772e]" started-at="2024-09-22T11:38:19 IST" name="startSystem" finished-at="2024-09-22T11:38:46 IST" duration-ms="27087" status="PASS">
          <reporter-output>
          </reporter-output>
        </test-method> <!-- startSystem -->
      </class> <!-- DockerDeploy.DockerDeploy.startDocker -->
      <class name="DockerDeploy.DockerDeploy.closeDocker">
        <test-method is-config="true" signature="closeDockerContainer()[pri:0, instance:DockerDeploy.DockerDeploy.closeDocker@44ebcd03]" started-at="2024-09-22T11:38:59 IST" name="closeDockerContainer" finished-at="2024-09-22T11:39:09 IST" duration-ms="10036" status="PASS">
          <reporter-output>
          </reporter-output>
        </test-method> <!-- closeDockerContainer -->
      </class> <!-- DockerDeploy.DockerDeploy.closeDocker -->
    </test> <!-- Test -->
  </suite> <!-- Suite -->
</testng-results>
